c:\users\antho\documents\of_v0.10.1_vs2017_release\of_v0.10.1_vs2017_release\apps\myapps\kinectv2depthrecorder\obj\x64\debug\ofxguigroup.obj
c:\users\antho\documents\of_v0.10.1_vs2017_release\of_v0.10.1_vs2017_release\apps\myapps\kinectv2depthrecorder\obj\x64\debug\cpu_depth_packet_processor.obj
c:\users\antho\documents\of_v0.10.1_vs2017_release\of_v0.10.1_vs2017_release\apps\myapps\kinectv2depthrecorder\obj\x64\debug\depth_packet_processor.obj
c:\users\antho\documents\of_v0.10.1_vs2017_release\of_v0.10.1_vs2017_release\apps\myapps\kinectv2depthrecorder\obj\x64\debug\libfreenect2.obj
c:\users\antho\documents\of_v0.10.1_vs2017_release\of_v0.10.1_vs2017_release\apps\myapps\kinectv2depthrecorder\obj\x64\debug\transfer_pool.obj
c:\users\antho\documents\of_v0.10.1_vs2017_release\of_v0.10.1_vs2017_release\apps\myapps\kinectv2depthrecorder\obj\x64\debug\ofxlabel.obj
c:\users\antho\documents\of_v0.10.1_vs2017_release\of_v0.10.1_vs2017_release\apps\myapps\kinectv2depthrecorder\obj\x64\debug\ofxslider.obj
c:\users\antho\documents\of_v0.10.1_vs2017_release\of_v0.10.1_vs2017_release\apps\myapps\kinectv2depthrecorder\obj\x64\debug\turbo_jpeg_rgb_packet_processor.obj
c:\users\antho\documents\of_v0.10.1_vs2017_release\of_v0.10.1_vs2017_release\apps\myapps\kinectv2depthrecorder\obj\x64\debug\ofxbasegui.obj
c:\users\antho\documents\of_v0.10.1_vs2017_release\of_v0.10.1_vs2017_release\apps\myapps\kinectv2depthrecorder\obj\x64\debug\ofxtoggle.obj
c:\users\antho\documents\of_v0.10.1_vs2017_release\of_v0.10.1_vs2017_release\apps\myapps\kinectv2depthrecorder\obj\x64\debug\opencl_kde_depth_packet_processor.obj
c:\users\antho\documents\of_v0.10.1_vs2017_release\of_v0.10.1_vs2017_release\apps\myapps\kinectv2depthrecorder\obj\x64\debug\rgb_packet_stream_parser.obj
c:\users\antho\documents\of_v0.10.1_vs2017_release\of_v0.10.1_vs2017_release\apps\myapps\kinectv2depthrecorder\obj\x64\debug\ofxbutton.obj
c:\users\antho\documents\of_v0.10.1_vs2017_release\of_v0.10.1_vs2017_release\apps\myapps\kinectv2depthrecorder\obj\x64\debug\ofxpanel.obj
c:\users\antho\documents\of_v0.10.1_vs2017_release\of_v0.10.1_vs2017_release\apps\myapps\kinectv2depthrecorder\obj\x64\debug\event_loop.obj
c:\users\antho\documents\of_v0.10.1_vs2017_release\of_v0.10.1_vs2017_release\apps\myapps\kinectv2depthrecorder\obj\x64\debug\opengl_depth_packet_processor.obj
c:\users\antho\documents\of_v0.10.1_vs2017_release\of_v0.10.1_vs2017_release\apps\myapps\kinectv2depthrecorder\obj\x64\debug\registration.obj
c:\users\antho\documents\of_v0.10.1_vs2017_release\of_v0.10.1_vs2017_release\apps\myapps\kinectv2depthrecorder\obj\x64\debug\usb_control.obj
c:\users\antho\documents\of_v0.10.1_vs2017_release\of_v0.10.1_vs2017_release\apps\myapps\kinectv2depthrecorder\obj\x64\debug\ofxinputfield.obj
c:\users\antho\documents\of_v0.10.1_vs2017_release\of_v0.10.1_vs2017_release\apps\myapps\kinectv2depthrecorder\obj\x64\debug\flextgl.obj
c:\users\antho\documents\of_v0.10.1_vs2017_release\of_v0.10.1_vs2017_release\apps\myapps\kinectv2depthrecorder\obj\x64\debug\frame_listener_impl.obj
c:\users\antho\documents\of_v0.10.1_vs2017_release\of_v0.10.1_vs2017_release\apps\myapps\kinectv2depthrecorder\obj\x64\debug\opencl_depth_packet_processor.obj
c:\users\antho\documents\of_v0.10.1_vs2017_release\of_v0.10.1_vs2017_release\apps\myapps\kinectv2depthrecorder\obj\x64\debug\rgb_packet_processor.obj
c:\users\antho\documents\of_v0.10.1_vs2017_release\of_v0.10.1_vs2017_release\apps\myapps\kinectv2depthrecorder\obj\x64\debug\ofapp.obj
c:\users\antho\documents\of_v0.10.1_vs2017_release\of_v0.10.1_vs2017_release\apps\myapps\kinectv2depthrecorder\obj\x64\debug\ofxkinectv2.obj
c:\users\antho\documents\of_v0.10.1_vs2017_release\of_v0.10.1_vs2017_release\apps\myapps\kinectv2depthrecorder\obj\x64\debug\ofxcolorpicker.obj
c:\users\antho\documents\of_v0.10.1_vs2017_release\of_v0.10.1_vs2017_release\apps\myapps\kinectv2depthrecorder\obj\x64\debug\ofxslidergroup.obj
c:\users\antho\documents\of_v0.10.1_vs2017_release\of_v0.10.1_vs2017_release\apps\myapps\kinectv2depthrecorder\obj\x64\debug\main.obj
c:\users\antho\documents\of_v0.10.1_vs2017_release\of_v0.10.1_vs2017_release\apps\myapps\kinectv2depthrecorder\obj\x64\debug\allocator.obj
c:\users\antho\documents\of_v0.10.1_vs2017_release\of_v0.10.1_vs2017_release\apps\myapps\kinectv2depthrecorder\obj\x64\debug\command_transaction.obj
c:\users\antho\documents\of_v0.10.1_vs2017_release\of_v0.10.1_vs2017_release\apps\myapps\kinectv2depthrecorder\obj\x64\debug\depth_packet_stream_parser.obj
c:\users\antho\documents\of_v0.10.1_vs2017_release\of_v0.10.1_vs2017_release\apps\myapps\kinectv2depthrecorder\obj\x64\debug\logging.obj
c:\users\antho\documents\of_v0.10.1_vs2017_release\of_v0.10.1_vs2017_release\apps\myapps\kinectv2depthrecorder\obj\x64\debug\packet_pipeline.obj
c:\users\antho\documents\of_v0.10.1_vs2017_release\of_v0.10.1_vs2017_release\apps\myapps\kinectv2depthrecorder\obj\x64\debug\resource.obj
c:\users\antho\documents\of_v0.10.1_vs2017_release\of_v0.10.1_vs2017_release\apps\myapps\kinectv2depthrecorder\obj\x64\debug\vt_rgb_packet_processor.obj
c:\users\antho\documents\of_v0.10.1_vs2017_release\of_v0.10.1_vs2017_release\apps\myapps\kinectv2depthrecorder\obj\x64\debug\ofprotonect.obj
c:\users\antho\documents\of_v0.10.1_vs2017_release\of_v0.10.1_vs2017_release\apps\myapps\kinectv2depthrecorder\obj\x64\debug\vc141.pdb
c:\users\antho\documents\of_v0.10.1_vs2017_release\of_v0.10.1_vs2017_release\apps\myapps\kinectv2depthrecorder\bin\kinectv2depthrecorder_debug.lib
c:\users\antho\documents\of_v0.10.1_vs2017_release\of_v0.10.1_vs2017_release\apps\myapps\kinectv2depthrecorder\bin\kinectv2depthrecorder_debug.exp
c:\users\antho\documents\of_v0.10.1_vs2017_release\of_v0.10.1_vs2017_release\apps\myapps\kinectv2depthrecorder\bin\kinectv2depthrecorder_debug.ilk
c:\users\antho\documents\of_v0.10.1_vs2017_release\of_v0.10.1_vs2017_release\apps\myapps\kinectv2depthrecorder\bin\kinectv2depthrecorder_debug.exe
c:\users\antho\documents\of_v0.10.1_vs2017_release\of_v0.10.1_vs2017_release\apps\myapps\kinectv2depthrecorder\bin\kinectv2depthrecorder_debug.pdb
c:\users\antho\documents\of_v0.10.1_vs2017_release\of_v0.10.1_vs2017_release\apps\myapps\kinectv2depthrecorder\obj\x64\debug\icon.res
c:\users\antho\documents\of_v0.10.1_vs2017_release\of_v0.10.1_vs2017_release\apps\myapps\kinectv2depthrecorder\obj\x64\debug\kinectv2.7fd42df7.tlog\cl.12716.write.1.tlog
c:\users\antho\documents\of_v0.10.1_vs2017_release\of_v0.10.1_vs2017_release\apps\myapps\kinectv2depthrecorder\obj\x64\debug\kinectv2.7fd42df7.tlog\cl.command.1.tlog
c:\users\antho\documents\of_v0.10.1_vs2017_release\of_v0.10.1_vs2017_release\apps\myapps\kinectv2depthrecorder\obj\x64\debug\kinectv2.7fd42df7.tlog\cl.read.1.tlog
c:\users\antho\documents\of_v0.10.1_vs2017_release\of_v0.10.1_vs2017_release\apps\myapps\kinectv2depthrecorder\obj\x64\debug\kinectv2.7fd42df7.tlog\kinectv2depthrecorder.write.1u.tlog
c:\users\antho\documents\of_v0.10.1_vs2017_release\of_v0.10.1_vs2017_release\apps\myapps\kinectv2depthrecorder\obj\x64\debug\kinectv2.7fd42df7.tlog\link.command.1.tlog
c:\users\antho\documents\of_v0.10.1_vs2017_release\of_v0.10.1_vs2017_release\apps\myapps\kinectv2depthrecorder\obj\x64\debug\kinectv2.7fd42df7.tlog\link.read.1.tlog
c:\users\antho\documents\of_v0.10.1_vs2017_release\of_v0.10.1_vs2017_release\apps\myapps\kinectv2depthrecorder\obj\x64\debug\kinectv2.7fd42df7.tlog\link.write.1.tlog
c:\users\antho\documents\of_v0.10.1_vs2017_release\of_v0.10.1_vs2017_release\apps\myapps\kinectv2depthrecorder\obj\x64\debug\kinectv2.7fd42df7.tlog\rc.command.1.tlog
c:\users\antho\documents\of_v0.10.1_vs2017_release\of_v0.10.1_vs2017_release\apps\myapps\kinectv2depthrecorder\obj\x64\debug\kinectv2.7fd42df7.tlog\rc.read.1.tlog
c:\users\antho\documents\of_v0.10.1_vs2017_release\of_v0.10.1_vs2017_release\apps\myapps\kinectv2depthrecorder\obj\x64\debug\kinectv2.7fd42df7.tlog\rc.write.1.tlog
